<?xml version="1.0" encoding="UTF-8"?>
<!-- Generated by org.testng.reporters.JUnitReportReporter -->
<testsuite hostname="LAPTOP-54GBLK4C" failures="0" tests="3" name="test.Day4" time="0.017" errors="0" timestamp="2024-06-23T23:59:08 IST" skipped="0">
  <testcase classname="test.Day4" name="webLoginHomeLoan" time="0.009"/>
  <system-out/>
  <testcase classname="test.Day4" name="APILoginHomeLoan" time="0.004"/>
  <system-out/>
  <testcase classname="test.Day4" name="MobileLoginHomeLoan" time="0.004"/>
  <system-out/>
</testsuite> <!-- test.Day4 -->
