<?xml version="1.0" encoding="UTF-8"?>
<!-- Generated by org.testng.reporters.JUnitReportReporter -->
<testsuite hostname="LAPTOP-54GBLK4C" failures="0" tests="1" name="test.Day2" time="0.003" errors="0" timestamp="2024-06-23T23:59:08 IST" skipped="0">
  <testcase classname="test.Day2" name="ploan" time="0.003"/>
  <system-out/>
</testsuite> <!-- test.Day2 -->
