<?xml version="1.0" encoding="UTF-8"?>
<!-- Generated by org.testng.reporters.JUnitReportReporter -->
<testsuite hostname="LAPTOP-54GBLK4C" failures="0" tests="2" name="test.Day3" time="0.016" errors="0" timestamp="2024-06-23T23:59:08 IST" skipped="1">
  <testcase classname="test.Day3" name="APILoginCarLoan" time="0.016"/>
  <system-out/>
  <testcase classname="test.Day3" name="webLoginCarLoan">
    <skipped/>
  </testcase> <!-- webLoginCarLoan -->
  <system-out/>
</testsuite> <!-- test.Day3 -->
